# JRE version: OpenJDK Runtime Environment Corretto-16.0.2.7.1 (16.0.2+7) (build 16.0.2+7)
# Java VM: OpenJDK 64-Bit Server VM Corretto-16.0.2.7.1 (16.0.2+7, mixed mode, sharing, tiered, compressed oops, compressed class ptrs, g1 gc, windows-amd64)
GC Precious Log:
 CPUs: 4 total, 4 available
 Memory: 16260M
 Large Page Support: Disabled
 NUMA Support: Disabled
 Compressed Oops: Enabled (32-bit)
 Heap Region Size: 1M
 Heap Min Capacity: 8M
 Heap Initial Capacity: 256M
 Heap Max Capacity: 512M
 Pre-touch: Disabled
 Parallel Workers: 4
 Concurrent Workers: 1
 Concurrent Refinement Workers: 4
 Periodic GC: Disabled
Heap:
 garbage-first heap   total 45056K, used 30178K [0x00000000e0000000, 0x0000000100000000)
  region size 1024K, 21 young (21504K), 6 survivors (6144K)
 Metaspace       used 23925K, committed 24256K, reserved 1073152K
  class space    used 2982K, committed 3136K, reserved 1048576K
GC Heap History (8 events):
Event: 0.865 GC heap before
{Heap before GC invocations=0 (full 0):
 garbage-first heap   total 262144K, used 12288K [0x00000000e0000000, 0x0000000100000000)
  region size 1024K, 13 young (13312K), 0 survivors (0K)
 Metaspace       used 3951K, committed 4096K, reserved 1056768K
  class space    used 460K, committed 512K, reserved 1048576K
}
Event: 0.874 GC heap after
{Heap after GC invocations=1 (full 0):
 garbage-first heap   total 262144K, used 5243K [0x00000000e0000000, 0x0000000100000000)
  region size 1024K, 2 young (2048K), 2 survivors (2048K)
 Metaspace       used 3951K, committed 4096K, reserved 1056768K
  class space    used 460K, committed 512K, reserved 1048576K
}
Event: 1.428 GC heap before
{Heap before GC invocations=1 (full 0):
 garbage-first heap   total 262144K, used 15483K [0x00000000e0000000, 0x0000000100000000)
  region size 1024K, 12 young (12288K), 2 survivors (2048K)
 Metaspace       used 8210K, committed 8448K, reserved 1056768K
  class space    used 972K, committed 1088K, reserved 1048576K
}
Event: 1.434 GC heap after
{Heap after GC invocations=2 (full 0):
 garbage-first heap   total 262144K, used 6994K [0x00000000e0000000, 0x0000000100000000)
  region size 1024K, 2 young (2048K), 2 survivors (2048K)
 Metaspace       used 8210K, committed 8448K, reserved 1056768K
  class space    used 972K, committed 1088K, reserved 1048576K
}
Event: 2.312 GC heap before
{Heap before GC invocations=2 (full 0):
 garbage-first heap   total 262144K, used 28498K [0x00000000e0000000, 0x0000000100000000)
  region size 1024K, 23 young (23552K), 2 survivors (2048K)
 Metaspace       used 13438K, committed 13760K, reserved 1064960K
  class space    used 1642K, committed 1792K, reserved 1048576K
}
Event: 2.318 GC heap after
{Heap after GC invocations=3 (full 0):
 garbage-first heap   total 262144K, used 8123K [0x00000000e0000000, 0x0000000100000000)
  region size 1024K, 3 young (3072K), 3 survivors (3072K)
 Metaspace       used 13438K, committed 13760K, reserved 1064960K
  class space    used 1642K, committed 1792K, reserved 1048576K
}
Event: 3.756 GC heap before
{Heap before GC invocations=3 (full 0):
 garbage-first heap   total 262144K, used 39867K [0x00000000e0000000, 0x0000000100000000)
  region size 1024K, 35 young (35840K), 3 survivors (3072K)
 Metaspace       used 20999K, committed 21248K, reserved 1073152K
  class space    used 2549K, committed 2688K, reserved 1048576K
}
Event: 3.764 GC heap after
{Heap after GC invocations=4 (full 0):
 garbage-first heap   total 262144K, used 10722K [0x00000000e0000000, 0x0000000100000000)
  region size 1024K, 6 young (6144K), 6 survivors (6144K)
 Metaspace       used 20999K, committed 21248K, reserved 1073152K
  class space    used 2549K, committed 2688K, reserved 1048576K
}

